call sampler...
...complete
init sampler...
...complete
 begin data sync...
...complete
node  0  beginning evals...
node  77  beginning evals...
node  51  beginning evals...
node  13  beginning evals...
node  1  beginning evals...
node  79  beginning evals...
node  2  beginning evals...
node  80  beginning evals...
node  3  beginning evals...
node  81  beginning evals...
node  4  beginning evals...
node  86  beginning evals...
node  5  beginning evals...
node  87  beginning evals...
node  6  beginning evals...
node  93  beginning evals...
node  95  beginning evals...
node  78  beginning evals...
node  82  beginning evals...
node  83  beginning evals...
node  84  beginning evals...
node  85  beginning evals...
node  89  beginning evals...
node  90  beginning evals...
node  91  beginning evals...
node  92  beginning evals...
node  94  beginning evals...
node  96  beginning evals...
node  97  beginning evals...
node  98  beginning evals...
node  99  beginning evals...
node  31  beginning evals...
node  56  beginning evals...
node  33  beginning evals...
node  68  beginning evals...
node  32  beginning evals...
node  88  beginning evals...
node  63  beginning evals...
node  7  beginning evals...
node  25  beginning evals...
node  19  beginning evals...
node  71  beginning evals...
node  57  beginning evals...
node  34  beginning evals...
node  69  beginning evals...
node  58  beginning evals...
node  35  beginning evals...
node  70  beginning evals...
node  59  beginning evals...
node  36  beginning evals...
node  60  beginning evals...
node  37  beginning evals...
node  61  beginning evals...
node  38  beginning evals...
node  62  beginning evals...
node  39  beginning evals...
node  40  beginning evals...
node  41  beginning evals...
node  42  beginning evals...
node  43  beginning evals...
node  44  beginning evals...
node  45  beginning evals...
node  46  beginning evals...
node  47  beginning evals...
node  48  beginning evals...
node  49  beginning evals...
node  50  beginning evals...
node  52  beginning evals...
node  14  beginning evals...
node  53  beginning evals...
node  16  beginning evals...
node  54  beginning evals...
node  17  beginning evals...
node  55  beginning evals...
node  18  beginning evals...
node  15  beginning evals...
node  72  beginning evals...
node  73  beginning evals...
node  74  beginning evals...
node  75  beginning evals...
node  76  beginning evals...
node  64  beginning evals...
node  8  beginning evals...
node  26  beginning evals...
node  20  beginning evals...
node  65  beginning evals...
node  9  beginning evals...
node  27  beginning evals...
node  21  beginning evals...
node  66  beginning evals...
node  10  beginning evals...
node  28  beginning evals...
node  22  beginning evals...
node  67  beginning evals...
node  11  beginning evals...
node  29  beginning evals...
node  23  beginning evals...
node  12  beginning evals...
node  30  beginning evals...
node  24  beginning evals...
