call sampler...
...complete
init sampler...
...complete
 begin data sync...
...complete
node  0  beginning evals...
node  16  beginning evals...
node  94  beginning evals...
node  21  beginning evals...
node  4  beginning evals...
node  38  beginning evals...
node  61  beginning evals...
node  76  beginning evals...
node  45  beginning evals...
node  78  beginning evals...
node  1  beginning evals...
node  17  beginning evals...
node  95  beginning evals...
node  22  beginning evals...
node  5  beginning evals...
node  49  beginning evals...
node  2  beginning evals...
node  18  beginning evals...
node  96  beginning evals...
node  23  beginning evals...
node  6  beginning evals...
node  3  beginning evals...
node  19  beginning evals...
node  97  beginning evals...
node  24  beginning evals...
node  8  beginning evals...
node  20  beginning evals...
node  98  beginning evals...
node  11  beginning evals...
node  99  beginning evals...
node  12  beginning evals...
node  13  beginning evals...
node  15  beginning evals...
node  7  beginning evals...
node  10  beginning evals...
node  14  beginning evals...
node  9  beginning evals...
node  25  beginning evals...
node  71  beginning evals...
node  65  beginning evals...
node  31  beginning evals...
node  72  beginning evals...
node  26  beginning evals...
node  27  beginning evals...
node  28  beginning evals...
node  29  beginning evals...
node  30  beginning evals...
node  92  beginning evals...
node  79  beginning evals...
node  86  beginning evals...
node  39  beginning evals...
node  62  beginning evals...
node  46  beginning evals...
node  87  beginning evals...
node  40  beginning evals...
node  63  beginning evals...
node  47  beginning evals...
node  88  beginning evals...
node  41  beginning evals...
node  64  beginning evals...
node  48  beginning evals...
node  89  beginning evals...
node  42  beginning evals...
node  77  beginning evals...
node  80  beginning evals...
node  43  beginning evals...
node  81  beginning evals...
node  44  beginning evals...
node  82  beginning evals...
node  83  beginning evals...
node  84  beginning evals...
node  85  beginning evals...
node  90  beginning evals...
node  91  beginning evals...
node  66  beginning evals...
node  32  beginning evals...
node  73  beginning evals...
node  50  beginning evals...
node  93  beginning evals...
node  67  beginning evals...
node  33  beginning evals...
node  74  beginning evals...
node  51  beginning evals...
node  68  beginning evals...
node  34  beginning evals...
node  75  beginning evals...
node  52  beginning evals...
node  69  beginning evals...
node  35  beginning evals...
node  53  beginning evals...
node  70  beginning evals...
node  36  beginning evals...
node  54  beginning evals...
node  37  beginning evals...
node  55  beginning evals...
node  56  beginning evals...
node  57  beginning evals...
node  58  beginning evals...
node  59  beginning evals...
node  60  beginning evals...
...node  16  checking in on run  0 ...
...node  20  checking in on run  0 ...
...node  18  checking in on run  0 ...
...node  58  checking in on run  0 ...
...node  49  checking in on run  0 ...
...node  37  checking in on run  0 ...
...node  46  checking in on run  0 ...
...node  7  checking in on run  0 ...
...node  39  checking in on run  0 ...
...node  70  checking in on run  0 ...
...node  86  checking in on run  0 ...
...node  40  checking in on run  0 ...
...node  17  checking in on run  0 ...
...node  45  checking in on run  0 ...
...node  98  checking in on run  0 ...
...node  2  checking in on run  0 ...
...node  59  checking in on run  0 ...
...node  69  checking in on run  0 ...
...node  24  checking in on run  0 ...
...node  38  checking in on run  0 ...
...node  35  checking in on run  0 ...
...node  0  checking in on run  0 ...
...node  3  checking in on run  0 ...
...node  26  checking in on run  0 ...
...node  47  checking in on run  0 ...
...node  68  checking in on run  0 ...
...node  91  checking in on run  0 ...
...node  21  checking in on run  0 ...
...node  57  checking in on run  0 ...
...node  65  checking in on run  0 ...
...node  4  checking in on run  0 ...
...node  5  checking in on run  0 ...
...node  23  checking in on run  0 ...
...node  28  checking in on run  0 ...
...node  8  checking in on run  0 ...
...node  48  checking in on run  0 ...
...node  44  checking in on run  0 ...
...node  93  checking in on run  0 ...
...node  72  checking in on run  0 ...
...node  42  checking in on run  0 ...
...node  6  checking in on run  0 ...
...node  56  checking in on run  0 ...
...node  9  checking in on run  0 ...
...node  87  checking in on run  0 ...
...node  34  checking in on run  0 ...
...node  78  checking in on run  0 ...
...node  32  checking in on run  0 ...
...node  14  checking in on run  0 ...
...node  88  checking in on run  0 ...
...node  22  checking in on run  0 ...
...node  15  checking in on run  0 ...
...node  95  checking in on run  0 ...
...node  36  checking in on run  0 ...
...node  52  checking in on run  0 ...
...node  25  checking in on run  0 ...
...node  83  checking in on run  0 ...
...node  80  checking in on run  0 ...
...node  81  checking in on run  0 ...
...node  30  checking in on run  0 ...
...node  74  checking in on run  0 ...
...node  50  checking in on run  0 ...
...node  41  checking in on run  0 ...
...node  19  checking in on run  0 ...
...node  43  checking in on run  0 ...
...node  90  checking in on run  0 ...
...node  84  checking in on run  0 ...
...node  60  checking in on run  0 ...
...node  1  checking in on run  0 ...
...node  67  checking in on run  0 ...
...node  89  checking in on run  0 ...
...node  66  checking in on run  0 ...
...node  77  checking in on run  0 ...
...node  61  checking in on run  0 ...
...node  96  checking in on run  0 ...
...node  79  checking in on run  0 ...
...node  63  checking in on run  0 ...
...node  27  checking in on run  0 ...
...node  94  checking in on run  0 ...
...node  99  checking in on run  0 ...
...node  12  checking in on run  0 ...
...node  73  checking in on run  0 ...
...node  51  checking in on run  0 ...
...node  13  checking in on run  0 ...
...node  33  checking in on run  0 ...
...node  92  checking in on run  0 ...
...node  82  checking in on run  0 ...
...node  55  checking in on run  0 ...
...node  75  checking in on run  0 ...
...node  53  checking in on run  0 ...
...node  76  checking in on run  0 ...
...node  11  checking in on run  0 ...
...node  85  checking in on run  0 ...
...node  10  checking in on run  0 ...
...node  31  checking in on run  0 ...
...node  54  checking in on run  0 ...
...node  71  checking in on run  0 ...
...node  62  checking in on run  0 ...
...node  64  checking in on run  0 ...
...node  97  checking in on run  0 ...
...node  29  checking in on run  0 ...
...node  0  checking in on run  20 ...
...node  2  checking in on run  20 ...
...node  1  checking in on run  20 ...
...node  3  checking in on run  20 ...
...node  4  checking in on run  20 ...
...node  7  checking in on run  20 ...
...node  5  checking in on run  20 ...
...node  6  checking in on run  20 ...
...node  8  checking in on run  20 ...
...node  9  checking in on run  20 ...
...node  16  checking in on run  20 ...
...node  18  checking in on run  20 ...
...node  20  checking in on run  20 ...
...node  17  checking in on run  20 ...
...node  15  checking in on run  20 ...
...node  13  checking in on run  20 ...
...node  21  checking in on run  20 ...
...node  19  checking in on run  20 ...
...node  14  checking in on run  20 ...
...node  24  checking in on run  20 ...
...node  10  checking in on run  20 ...
...node  12  checking in on run  20 ...
...node  23  checking in on run  20 ...
...node  37  checking in on run  20 ...
...node  22  checking in on run  20 ...
...node  26  checking in on run  20 ...
...node  11  checking in on run  20 ...
...node  28  checking in on run  20 ...
...node  25  checking in on run  20 ...
...node  35  checking in on run  20 ...
...node  39  checking in on run  20 ...
...node  46  checking in on run  20 ...
...node  32  checking in on run  20 ...
...node  45  checking in on run  20 ...
...node  34  checking in on run  20 ...
...node  30  checking in on run  20 ...
...node  44  checking in on run  20 ...
...node  38  checking in on run  20 ...
...node  42  checking in on run  20 ...
...node  40  checking in on run  20 ...
...node  49  checking in on run  20 ...
...node  47  checking in on run  20 ...
...node  36  checking in on run  20 ...
...node  27  checking in on run  20 ...
...node  48  checking in on run  20 ...
...node  65  checking in on run  20 ...
...node  43  checking in on run  20 ...
...node  58  checking in on run  20 ...
...node  56  checking in on run  20 ...
...node  52  checking in on run  20 ...
...node  59  checking in on run  20 ...
...node  33  checking in on run  20 ...
...node  70  checking in on run  20 ...
...node  50  checking in on run  20 ...
...node  69  checking in on run  20 ...
...node  41  checking in on run  20 ...
...node  51  checking in on run  20 ...
...node  86  checking in on run  20 ...
...node  54  checking in on run  20 ...
...node  72  checking in on run  20 ...
...node  68  checking in on run  20 ...
...node  60  checking in on run  20 ...
...node  53  checking in on run  20 ...
...node  57  checking in on run  20 ...
...node  31  checking in on run  20 ...
...node  93  checking in on run  20 ...
...node  74  checking in on run  20 ...
...node  91  checking in on run  20 ...
...node  66  checking in on run  20 ...
...node  67  checking in on run  20 ...
...node  95  checking in on run  20 ...
...node  80  checking in on run  20 ...
...node  78  checking in on run  20 ...
...node  63  checking in on run  20 ...
...node  87  checking in on run  20 ...
...node  55  checking in on run  20 ...
...node  77  checking in on run  20 ...
...node  64  checking in on run  20 ...
...node  73  checking in on run  20 ...
...node  90  checking in on run  20 ...
...node  88  checking in on run  20 ...
...node  81  checking in on run  20 ...
...node  99  checking in on run  20 ...
...node  83  checking in on run  20 ...
...node  84  checking in on run  20 ...
...node  96  checking in on run  20 ...
...node  94  checking in on run  20 ...
...node  79  checking in on run  20 ...
...node  98  checking in on run  20 ...
...node  75  checking in on run  20 ...
...node  76  checking in on run  20 ...
...node  89  checking in on run  20 ...
...node  92  checking in on run  20 ...
...node  82  checking in on run  20 ...
...node  85  checking in on run  20 ...
...node  61  checking in on run  20 ...
...node  62  checking in on run  20 ...
...node  29  checking in on run  20 ...
...node  71  checking in on run  20 ...
...node  97  checking in on run  20 ...
...node  0  checking in on run  40 ...
...node  2  checking in on run  40 ...
...node  1  checking in on run  40 ...
...node  3  checking in on run  40 ...
...node  16  checking in on run  40 ...
...node  7  checking in on run  40 ...
...node  4  checking in on run  40 ...
...node  6  checking in on run  40 ...
...node  5  checking in on run  40 ...
...node  8  checking in on run  40 ...
...node  20  checking in on run  40 ...
...node  9  checking in on run  40 ...
...node  19  checking in on run  40 ...
...node  17  checking in on run  40 ...
...node  37  checking in on run  40 ...
...node  21  checking in on run  40 ...
...node  24  checking in on run  40 ...
...node  23  checking in on run  40 ...
...node  39  checking in on run  40 ...
...node  46  checking in on run  40 ...
...node  93  checking in on run  40 ...
...node  26  checking in on run  40 ...
...node  45  checking in on run  40 ...
...node  15  checking in on run  40 ...
...node  28  checking in on run  40 ...
...node  18  checking in on run  40 ...
...node  22  checking in on run  40 ...
...node  49  checking in on run  40 ...
...node  13  checking in on run  40 ...
...node  35  checking in on run  40 ...
...node  25  checking in on run  40 ...
...node  44  checking in on run  40 ...
...node  42  checking in on run  40 ...
...node  38  checking in on run  40 ...
...node  32  checking in on run  40 ...
...node  65  checking in on run  40 ...
...node  14  checking in on run  40 ...
...node  40  checking in on run  40 ...
...node  47  checking in on run  40 ...
...node  30  checking in on run  40 ...
...node  34  checking in on run  40 ...
...node  86  checking in on run  40 ...
...node  58  checking in on run  40 ...
...node  70  checking in on run  40 ...
...node  48  checking in on run  40 ...
...node  36  checking in on run  40 ...
...node  56  checking in on run  40 ...
...node  12  checking in on run  40 ...
...node  10  checking in on run  40 ...
...node  27  checking in on run  40 ...
...node  69  checking in on run  40 ...
...node  43  checking in on run  40 ...
...node  59  checking in on run  40 ...
...node  72  checking in on run  40 ...
...node  77  checking in on run  40 ...
...node  11  checking in on run  40 ...
...node  54  checking in on run  40 ...
...node  52  checking in on run  40 ...
...node  50  checking in on run  40 ...
...node  74  checking in on run  40 ...
...node  33  checking in on run  40 ...
...node  68  checking in on run  40 ...
...node  51  checking in on run  40 ...
...node  41  checking in on run  40 ...
...node  95  checking in on run  40 ...
...node  57  checking in on run  40 ...
...node  92  checking in on run  40 ...
...node  91  checking in on run  40 ...
...node  64  checking in on run  40 ...
...node  73  checking in on run  40 ...
...node  67  checking in on run  40 ...
...node  66  checking in on run  40 ...
...node  63  checking in on run  40 ...
...node  53  checking in on run  40 ...
...node  90  checking in on run  40 ...
...node  87  checking in on run  40 ...
...node  80  checking in on run  40 ...
...node  60  checking in on run  40 ...
...node  78  checking in on run  40 ...
...node  94  checking in on run  40 ...
...node  96  checking in on run  40 ...
...node  98  checking in on run  40 ...
...node  55  checking in on run  40 ...
...node  88  checking in on run  40 ...
...node  81  checking in on run  40 ...
...node  76  checking in on run  40 ...
...node  84  checking in on run  40 ...
...node  83  checking in on run  40 ...
...node  79  checking in on run  40 ...
...node  31  checking in on run  40 ...
...node  75  checking in on run  40 ...
...node  97  checking in on run  40 ...
...node  71  checking in on run  40 ...
...node  99  checking in on run  40 ...
...node  89  checking in on run  40 ...
...node  82  checking in on run  40 ...
...node  85  checking in on run  40 ...
...node  62  checking in on run  40 ...
...node  61  checking in on run  40 ...
...node  29  checking in on run  40 ...
slurmstepd: error: *** JOB 1109201 ON shas0109 CANCELLED AT 2018-07-19T22:46:16 DUE TO TIME LIMIT ***
slurmstepd: error: *** STEP 1109201.0 ON shas0109 CANCELLED AT 2018-07-19T22:46:16 DUE TO TIME LIMIT ***
srun: Job step aborted: Waiting up to 32 seconds for job step to finish.
